geckodriver: error: Found argument '--websocket-port' which wasn't expected, or isn't valid in this context

USAGE:
    geckodriver [FLAGS] [OPTIONS]

For more information try --help

geckodriver: error: Found argument '--websocket-port' which wasn't expected, or isn't valid in this context

USAGE:
    geckodriver [FLAGS] [OPTIONS]

For more information try --help

1665672660047	geckodriver	INFO	Listening on 127.0.0.1:54065
1665672660092	mozrunner::runner	INFO	Running command: "C:\\Program Files\\Mozilla Firefox\\firefox.exe" "--marionette" "--remote-debugging-port" "54066" "--remote-allow-hosts" "localhost" "-no-remote" "-profile" "C:\\Users\\Jesse\\AppData\\Local\\Temp\\rust_mozprofilel4N2Dt"
1665672660346	Marionette	INFO	Marionette enabled
1665672660351	Marionette	INFO	Listening on port 54075
Read port: 54075
WebDriver BiDi listening on ws://127.0.0.1:54066
1665672660476	RemoteAgent	WARN	TLS certificate errors will be ignored for this session
console.warn: SearchSettings: "get: No settings file exists, new profile?" (new NotFoundError("Could not open the file at C:\\Users\\Jesse\\AppData\\Local\\Temp\\rust_mozprofilel4N2Dt\\search.json.mozlz4", (void 0)))
DevTools listening on ws://127.0.0.1:54066/devtools/browser/bc3abaaa-49e7-444a-902a-0a76fc5318c7
Marionette threw an error: [Exception... "Failure"  nsresult: "0x80004005 (NS_ERROR_FAILURE)"  location: "JS frame :: chrome://remote/content/marionette/capture.js :: capture.canvas :: line 144"  data: no]
capture.canvas@chrome://remote/content/marionette/capture.js:144:62
takeScreenshot@chrome://remote/content/marionette/actors/MarionetteCommandsParent.jsm:261:37

Marionette threw an error: [Exception... "Failure"  nsresult: "0x80004005 (NS_ERROR_FAILURE)"  location: "JS frame :: chrome://remote/content/marionette/capture.js :: capture.canvas :: line 144"  data: no]
capture.canvas@chrome://remote/content/marionette/capture.js:144:62
takeScreenshot@chrome://remote/content/marionette/actors/MarionetteCommandsParent.jsm:261:37

console.error: (new TypeError("currentNode is null", "resource://devtools/client/inspector/shared/style-change-tracker.js", 66))
TypeError: currentNode is null: canMutationImpactCurrentStyles@resource://devtools/client/inspector/shared/style-change-tracker.js:66:20
onMutations@resource://devtools/client/inspector/shared/style-change-tracker.js:84:41
_emit@resource://devtools/shared/event-emitter.js:242:32
emit@resource://devtools/shared/event-emitter.js:186:18
emit@resource://devtools/shared/event-emitter.js:330:18
getMutations@resource://devtools/client/fronts/walker.js:312:10

console.error: "Unable to find target with innerWindowId:4294967298"
JavaScript error: , line 0: NotFoundError: No such JSWindowActor 'DevToolsFrame'
JavaScript error: , line 0: NS_ERROR_NOT_AVAILABLE
JavaScript error: , line 0: NotFoundError: No such JSWindowActor 'DevToolsFrame'
JavaScript error: , line 0: NotFoundError: No such JSWindowActor 'DevToolsFrame'
1665678042768	Marionette	INFO	Stopped listening on port 54075
console.warn: TopSitesFeed: Failed to fetch data from Contile server: NetworkError when attempting to fetch resource.
remote-debugging-port" "50196" "--remote-allow-hosts" "localhost" "-no-remote" "-profile" "C:\\Users\\Jesse\\AppData\\Local\\Temp\\rust_mozprofilefusDRZ"
1665677998366	Marionette	INFO	Marionette enabled
1665677998369	Marionette	INFO	Listening on port 50205
WebDriver BiDi listening on ws://127.0.0.1:50196
Read port: 50205
1665677998632	RemoteAgent	WARN	TLS certificate errors will be ignored for this session
console.warn: SearchSettings: "get: No settings file exists, new profile?" (new NotFoundError("Could not open the file at C:\\Users\\Jesse\\AppData\\Local\\Temp\\rust_mozprofilefusDRZ\\search.json.mozlz4", (void 0)))
DevTools listening on ws://127.0.0.1:50196/devtools/browser/5610babb-f680-411d-8c68-2eada1e2337b
JavaScript error: , line 0: NotFoundError: No such JSWindowActor 'DevToolsFrame'
JavaScript error: , line 0: NS_ERROR_NOT_AVAILABLE
1665744155829	Marionette	INFO	Stopped listening on port 50205
console.warn: TopSitesFeed: Failed to fetch data from Contile server: NetworkError when attempting to fetch resource.
